make all --print-data-base --no-builtin-variables --no-builtin-rules --question
# GNU Make 3.81
# Copyright (C) 2006  Free Software Foundation, Inc.
# This is free software; see the source for copying conditions.
# There is NO warranty; not even for MERCHANTABILITY or FITNESS FOR A
# PARTICULAR PURPOSE.

# This program built for i386-apple-darwin11.3.0
 
make: *** No rule to make target `all'.  Stop.


# Make data base, printed on Sun Jun  5 12:27:55 2022

# Variables

# automatic
<D = $(patsubst %/,%,$(dir $<))
# automatic
?F = $(notdir $?)
# environment
ELECTRON_NO_ATTACH_CONSOLE = 1
 
# environment
LC_CTYPE = en_US.UTF-8
# environment
VSCODE_LOG_NATIVE = false
# automatic
?D = $(patsubst %/,%,$(dir $?))
# automatic
@D = $(patsubst %/,%,$(dir $@))
# automatic
@F = $(notdir $@)
# makefile
CURDIR := /Users/jinqin/work/mutating-webhook
# makefile
SHELL = /bin/sh
# environment
VSCODE_NLS_CONFIG = {"locale":"en-us","availableLanguages":{},"_languagePackSupport":true}
# environment
_ = /usr/bin/make
# environment
GITHUB_TOKEN = 993a02df8b57e9ab51806dea6638cc12a7e5f32f
# makefile (from `Makefile', line 1)
MAKEFILE_LIST :=  Makefile
# environment
VSCODE_AMD_ENTRYPOINT = vs/workbench/api/node/extensionHostProcess
# environment
VSCODE_VERBOSE_LOGGING = true
# environment
__CFBundleIdentifier = com.microsoft.VSCode
# environment
VSCODE_IPC_HOOK_EXTHOST = /var/folders/37/0bszxfm550j4kpm0z6t8vlf40000gn/T/vscode-ipc-e69dbf4f-a873-4db0-b3ca-09b68c056a34.sock
# environment
VSCODE_CWD = /Users/jinqin/work/mutating-webhook
# environment
GOPROXY = https://proxy.golang.org,direct
# environment
PATH = /usr/local/bin:/usr/bin:/bin:/usr/sbin:/sbin:/usr/local/go/bin:/Applications/Wireshark.app/Contents/MacOS:/Users/jinqin/Library/Python/3.9/bin:/Users/jinqin/.krew/bin:/Users/jinqin/go/bin:/Users/jinqin/work/terraform:/Users/jinqin/.istioctl/bin
# environment
LSCOLORS = Gxfxcxdxbxegedabagacad
# environment
GOPATH = /Users/jinqin/go
# environment
VSCODE_LOG_STACK = false
# environment
ELECTRON_RUN_AS_NODE = 1
# default
.FEATURES := target-specific order-only second-expansion else-if archives jobserver check-symlink
# environment
SSH_AUTH_SOCK = /private/tmp/com.apple.launchd.1mvc0ahWC0/Listeners
# automatic
%F = $(notdir $%)
# environment
VSCODE_PIPE_LOGGING = true
# environment
PWD = /Users/jinqin/work/mutating-webhook
# environment
ORIGINAL_XDG_CURRENT_DESKTOP = undefined
# environment
GOMODCACHE = /Users/jinqin/go/pkg/mod
# environment
HOME = /Users/jinqin
# default
MAKEFILEPATH = $(shell /usr/bin/xcode-select -print-path 2>/dev/null || echo /Developer)/Makefiles
# environment
VSCODE_CLI = 1
# environment
VSCODE_CODE_CACHE_PATH = /Users/jinqin/Library/Application Support/Code/CachedData/c3511e6c69bb39013c4a4b7b9566ec1ca73fc4d5
# environment
LOGNAME = jinqin
# environment
APPLICATION_INSIGHTS_NO_DIAGNOSTIC_CHANNEL = true
# environment
ZSH = /Users/jinqin/.oh-my-zsh
# environment
VSCODE_HANDLES_UNCAUGHT_ERRORS = true
# automatic
^D = $(patsubst %/,%,$(dir $^))
# environment
XPC_FLAGS = 0x0
# environment
COLORTERM = truecolor
# default
MAKE = $(MAKE_COMMAND)
# environment
LC_TERMINAL = iTerm2
# environment
SHLVL = 3
# default
MAKE_VERSION := 3.81
# environment
USER = jinqin
# makefile
.DEFAULT_GOAL := test
# default
MAKECMDGOALS := all
# environment
TERM_SESSION_ID = w0t0p0:F6ADEBC5-574B-4A60-804F-620ED38ADD47
# environment
LESS = -R
# automatic
%D = $(patsubst %/,%,$(dir $%))
# default
MAKE_COMMAND := /Library/Developer/CommandLineTools/usr/bin/make
# environment
MallocProbGuardViaLaunchd = 1
# environment
TERM_PROGRAM = iTerm.app
# default
.VARIABLES := 
# environment
TMPDIR = /var/folders/37/0bszxfm550j4kpm0z6t8vlf40000gn/T/
# makefile (from `Makefile', line 2)
namespace = mutating
# automatic
*F = $(notdir $*)
# environment
VSCODE_IPC_HOOK = /Users/jinqin/Library/Application Support/Code/1.67.2-main.sock
# makefile
MAKEFLAGS = Rrqp
# environment
MFLAGS = -Rrqp
# automatic
*D = $(patsubst %/,%,$(dir $*))
# environment
TERM_PROGRAM_VERSION = 3.4.15
# environment
XPC_SERVICE_NAME = application.com.microsoft.VSCode.8624727731.8624727737.E6FAEBA3-6C5D-450E-B225-6742D63F252C
# environment
LC_TERMINAL_VERSION = 3.4.15
# automatic
+D = $(patsubst %/,%,$(dir $+))
# automatic
+F = $(notdir $+)
# environment
ITERM_SESSION_ID = w0t0p0:F6ADEBC5-574B-4A60-804F-620ED38ADD47
# environment
COLORFGBG = 7;0
# environment
__CF_USER_TEXT_ENCODING = 0x1F5:0x0:0x0
# environment
COMMAND_MODE = unix2003
# environment
GITHUB_USER = jinqin2003
# default
MAKEFILES := 
# automatic
<F = $(notdir $<)
# environment
ITERM_PROFILE = Default
# makefile (from `Makefile', line 1)
github_user = jinqin2003
# environment
PAGER = less
 
# environment
LC_ALL = C
# automatic
^F = $(notdir $^)
# default
SUFFIXES := 
# default
.INCLUDE_DIRS = /usr/local/include
# environment
MAKELEVEL := 0
# environment
LANG = C
# environment
TERM = xterm-256color
# environment
VSCODE_PID = 27388
# variable set hash-table stats:
# Load=87/1024=8%, Rehash=0, Collisions=5/111=5%

# Pattern-specific Variable Values

# No pattern-specific variable values.

# Directories

# . (device 16777220, inode 8624729438): 16 files, no impossibilities.

# 16 files, no impossibilities in 1 directories.

# Implicit Rules

# No implicit rules.

# Files

uninstall-prometheus:
#  Phony target (prerequisite of .PHONY).
#  Implicit rule search has not been done.
#  File does not exist.
#  File has not been updated.
#  commands to execute (from `Makefile', line 67):
	@echo "\nðŸ“¦ Uninstalling prometheus..."
	helm uninstall prometheus --namespace telemetry
	

# Not a target:
all:
#  Command-line target.
#  Implicit rule search has been done.
#  File does not exist.
#  File has not been updated.
# variable set hash-table stats:
# Load=0/32=0%, Rehash=0, Collisions=0/0=0%

docker-build:
#  Phony target (prerequisite of .PHONY).
#  Implicit rule search has not been done.
#  File does not exist.
#  File has not been updated.
#  commands to execute (from `Makefile', line 78):
	@echo "\nðŸ“¦ Building mutating-webhook Docker image..."
	docker build -t docker.io/$(github_user)/mutating-webhook:latest .
	

.PHONY: test test-chart build install-minikube start-cluster stop-cluster delete-cluster install-cert-manager uninstall-cert-manager install-prometheus uninstall-prometheus portforward-prometheus docker-build docker-push docker-build-push deploy delete pod delete-pod
#  Implicit rule search has not been done.
#  Modification time never checked.
#  File has not been updated.

# Not a target:
.SUFFIXES:
#  Implicit rule search has not been done.
#  Modification time never checked.
#  File has not been updated.

delete-cluster:
#  Phony target (prerequisite of .PHONY).
#  Implicit rule search has not been done.
#  File does not exist.
#  File has not been updated.
#  commands to execute (from `Makefile', line 38):
	@echo "\nðŸ“¦ Deleting cluster..."
	@minikube delete --all
	

# Not a target:
Makefile:
#  Implicit rule search has been done.
#  Last modified 2022-06-05 12:24:13
#  File has been updated.
#  Successfully updated.
# variable set hash-table stats:
# Load=0/32=0%, Rehash=0, Collisions=0/0=0%

test:
#  Phony target (prerequisite of .PHONY).
#  Implicit rule search has not been done.
#  File does not exist.
#  File has not been updated.
#  commands to execute (from `Makefile', line 6):
	@echo "\nðŸ› ï¸  Running unit tests..."
	go test ./...
	

uninstall-cert-manager:
#  Phony target (prerequisite of .PHONY).
#  Implicit rule search has not been done.
#  File does not exist.
#  File has not been updated.
#  commands to execute (from `Makefile', line 55):
	@echo "\nðŸ“¦ Uninstalling cert-manager..."
	helm --namespace cert-manager delete cert-manager
	

docker-build-push: docker-build docker-push
#  Phony target (prerequisite of .PHONY).
#  Implicit rule search has not been done.
#  File does not exist.
#  File has not been updated.

install-minikube:
#  Phony target (prerequisite of .PHONY).
#  Implicit rule search has not been done.
#  File does not exist.
#  File has not been updated.
#  commands to execute (from `Makefile', line 22):
	@echo "\nðŸ“¦ Installing minikube on mac os..."
	@brew install minikube
	@minikube start --kubernetes-version=v1.23.6
	

build:
#  Phony target (prerequisite of .PHONY).
#  Implicit rule search has not been done.
#  File does not exist.
#  File has not been updated.
#  commands to execute (from `Makefile', line 16):
	@echo "\nðŸ”§  Building Go binaries..."
	GOOS=darwin GOARCH=amd64 go build -o bin/admission-webhook-darwin-amd64 .
	GOOS=linux GOARCH=amd64 go build -o bin/admission-webhook-linux-amd64 .
	

portforward-prometheus:
#  Phony target (prerequisite of .PHONY).
#  Implicit rule search has not been done.
#  File does not exist.
#  File has not been updated.
#  commands to execute (from `Makefile', line 72):
	@echo "\nðŸ“¦ Port forwarding prometheus..."
	@export POD_NAME=$(kubectl get pods --namespace telemetry -l "app=prometheus,component=server" -o jsonpath="{.items[0].metadata.name}")
	kubectl --namespace telemetry port-forward ${POD_NAME} 9090
	

stop-cluster:
#  Phony target (prerequisite of .PHONY).
#  Implicit rule search has not been done.
#  File does not exist.
#  File has not been updated.
 
#  commands to execute (from `Makefile', line 33):
	@echo "\nðŸ“¦ Stopping cluster..."
	minikube stop
	

install-prometheus:
#  Phony target (prerequisite of .PHONY).
#  Implicit rule search has not been done.
#  File does not exist.
#  File has not been updated.
#  commands to execute (from `Makefile', line 60):
	@echo "\nðŸ“¦ Installing prometheus..."
	kubectl create namespace telemetry
	helm repo add prometheus-community https://prometheus-community.github.io/helm-charts
	helm install prometheus prometheus-community/prometheus --namespace telemetry
	

delete-pod:
#  Phony target (prerequisite of .PHONY).
#  Implicit rule search has not been done.
#  File does not exist.
#  File has not been updated.
#  commands to execute (from `Makefile', line 108):
	@echo "\nâ™»ï¸ Deleting test pod..."
	kubectl delete -f pod/test.pod.yaml
	kubectl delete -f pod/apps.ns.yaml
	

# Not a target:
.DEFAULT:
#  Implicit rule search has not been done.
#  Modification time never checked.
#  File has not been updated.

start-cluster:
#  Phony target (prerequisite of .PHONY).
#  Implicit rule search has not been done.
#  File does not exist.
#  File has not been updated.
#  commands to execute (from `Makefile', line 28):
	@echo "\nðŸ“¦ Starting cluster..."
	@minikube start --kubernetes-version=v1.23.6
	

install-cert-manager:
#  Phony target (prerequisite of .PHONY).
#  Implicit rule search has not been done.
#  File does not exist.
#  File has not been updated.
#  commands to execute (from `Makefile', line 43):
	@echo "\nðŸ“¦ Installing cert-manager..."
	helm repo add jetstack https://charts.jetstack.io
	helm repo update
	helm install \
	cert-manager jetstack/cert-manager \
	--namespace cert-manager \
	--create-namespace \
	--version v1.8.0 \
	--set installCRDs=true
	

test-chart:
#  Phony target (prerequisite of .PHONY).
#  Implicit rule search has not been done.
#  File does not exist.
#  File has not been updated.
#  commands to execute (from `Makefile', line 11):
	@echo "\nðŸ› ï¸  Dry running helm chart..."
	helm --namespace $(namespace) install mutating-webhook ./chart --dry-run
	

delete:
#  Phony target (prerequisite of .PHONY).
#  Implicit rule search has not been done.
#  File does not exist.
#  File has not been updated.
#  commands to execute (from `Makefile', line 96):
	@echo "\nðŸ”§ Deleting mutating-webhook..."
	kubectl --namespace $(namespace) delete secrets mutating-webhook-ca
	helm uninstall --namespace $(namespace) mutating-webhook
	

pod:
#  Phony target (prerequisite of .PHONY).
#  Implicit rule search has not been done.
#  File does not exist.
#  File has not been updated.
#  commands to execute (from `Makefile', line 102):
	@echo "\nðŸš€ Deploying test pod..."
	kubectl apply -f pod/apps.ns.yaml
	kubectl apply -f pod/test.pod.yaml
	

deploy:
#  Phony target (prerequisite of .PHONY).
#  Implicit rule search has not been done.
#  File does not exist.
#  File has not been updated.
#  commands to execute (from `Makefile', line 91):
	@echo "\nðŸ”§ Deploying mutating-webhook..."
	helm --namespace $(namespace) install mutating-webhook ./chart
	

docker-push:
#  Phony target (prerequisite of .PHONY).
#  Implicit rule search has not been done.
#  File does not exist.
#  File has not been updated.
#  commands to execute (from `Makefile', line 83):
	@echo "\nðŸ“¦ Pushing mutating-webhook Docker image to docker.io ..."
	docker push docker.io/$(github_user)/mutating-webhook:latest
	

# files hash-table stats:
# Load=24/1024=2%, Rehash=0, Collisions=7/75=9%
# VPATH Search Paths

# No `vpath' search paths.

# No general (`VPATH' variable) search path.

# # of strings in strcache: 1
# # of strcache buffers: 1
# strcache size: total = 4096 / max = 4096 / min = 4096 / avg = 4096
# strcache free: total = 4087 / max = 4087 / min = 4087 / avg = 4087

# Finished Make data base on Sun Jun  5 12:27:55 2022

 
